\BOOKMARK [0][-]{chapter.1}{\376\377\0001\000\040\000N\000a\000m\000e\000s\000p\000a\000c\000e\000\040\000I\000n\000d\000e\000x}{}% 1
\BOOKMARK [1][-]{section.1.1}{\376\377\0001\000.\0001\000\040\000N\000a\000m\000e\000s\000p\000a\000c\000e\000\040\000L\000i\000s\000t}{chapter.1}% 2
\BOOKMARK [0][-]{chapter.2}{\376\377\0002\000\040\000F\000i\000l\000e\000\040\000I\000n\000d\000e\000x}{}% 3
\BOOKMARK [1][-]{section.2.1}{\376\377\0002\000.\0001\000\040\000F\000i\000l\000e\000\040\000L\000i\000s\000t}{chapter.2}% 4
\BOOKMARK [0][-]{chapter.3}{\376\377\0003\000\040\000N\000a\000m\000e\000s\000p\000a\000c\000e\000\040\000D\000o\000c\000u\000m\000e\000n\000t\000a\000t\000i\000o\000n}{}% 5
\BOOKMARK [1][-]{section.3.1}{\376\377\0003\000.\0001\000\040\000L\000a\000t\000t\000i\000c\000e\000\040\000N\000a\000m\000e\000s\000p\000a\000c\000e\000\040\000R\000e\000f\000e\000r\000e\000n\000c\000e}{chapter.3}% 6
\BOOKMARK [2][-]{subsection.3.1.1}{\376\377\0003\000.\0001\000.\0001\000\040\000D\000e\000t\000a\000i\000l\000e\000d\000\040\000D\000e\000s\000c\000r\000i\000p\000t\000i\000o\000n}{section.3.1}% 7
\BOOKMARK [1][-]{section.3.2}{\376\377\0003\000.\0002\000\040\000L\000a\000t\000t\000i\000c\000e\000\040\000F\000i\000e\000l\000d\000\040\000T\000h\000e\000o\000r\000y\000\040\000N\000a\000m\000e\000s\000p\000a\000c\000e\000\040\000R\000e\000f\000e\000r\000e\000n\000c\000e}{chapter.3}% 8
\BOOKMARK [2][-]{subsection.3.2.1}{\376\377\0003\000.\0002\000.\0001\000\040\000F\000u\000n\000c\000t\000i\000o\000n\000\040\000D\000o\000c\000u\000m\000e\000n\000t\000a\000t\000i\000o\000n}{section.3.2}% 9
\BOOKMARK [3][-]{subsubsection.3.2.1.1}{\376\377\0003\000.\0002\000.\0001\000.\0001\000\040\000a\000c\000t\000i\000o\000n\000\137\000t\000o\000t\000a\000l\000\050\000\051}{subsection.3.2.1}% 10
\BOOKMARK [1][-]{section.3.3}{\376\377\0003\000.\0003\000\040\000M\000o\000n\000t\000e\000\040\000N\000a\000m\000e\000s\000p\000a\000c\000e\000\040\000R\000e\000f\000e\000r\000e\000n\000c\000e}{chapter.3}% 11
\BOOKMARK [2][-]{subsection.3.3.1}{\376\377\0003\000.\0003\000.\0001\000\040\000D\000e\000t\000a\000i\000l\000e\000d\000\040\000D\000e\000s\000c\000r\000i\000p\000t\000i\000o\000n}{section.3.3}% 12
\BOOKMARK [1][-]{section.3.4}{\376\377\0003\000.\0004\000\040\000M\000o\000n\000t\000e\000\040\000C\000a\000r\000l\000o\000\040\000i\000n\000t\000e\000g\000r\000a\000l\000\040\000N\000a\000m\000e\000s\000p\000a\000c\000e\000\040\000R\000e\000f\000e\000r\000e\000n\000c\000e}{chapter.3}% 13
\BOOKMARK [2][-]{subsection.3.4.1}{\376\377\0003\000.\0004\000.\0001\000\040\000F\000u\000n\000c\000t\000i\000o\000n\000\040\000D\000o\000c\000u\000m\000e\000n\000t\000a\000t\000i\000o\000n}{section.3.4}% 14
\BOOKMARK [3][-]{subsubsection.3.4.1.1}{\376\377\0003\000.\0004\000.\0001\000.\0001\000\040\000d\000e\000l\000t\000a\000\137\000a\000c\000t\000i\000o\000n\000\137\000c\000h\000a\000n\000g\000e\000\050\000\051}{subsection.3.4.1}% 15
\BOOKMARK [3][-]{subsubsection.3.4.1.2}{\376\377\0003\000.\0004\000.\0001\000.\0002\000\040\000l\000o\000c\000a\000l\000\137\000a\000c\000t\000i\000o\000n\000\050\000\051}{subsection.3.4.1}% 16
\BOOKMARK [3][-]{subsubsection.3.4.1.3}{\376\377\0003\000.\0004\000.\0001\000.\0003\000\040\000p\000o\000t\000e\000n\000t\000i\000a\000l\000\137\000e\000n\000e\000r\000g\000y\000\137\000V\000\050\000\051}{subsection.3.4.1}% 17
\BOOKMARK [3][-]{subsubsection.3.4.1.4}{\376\377\0003\000.\0004\000.\0001\000.\0004\000\040\000r\000u\000n\000\137\000m\000o\000n\000t\000e\000\137\000c\000a\000r\000l\000o\000\050\000\051}{subsection.3.4.1}% 18
\BOOKMARK [2][-]{subsection.3.4.2}{\376\377\0003\000.\0004\000.\0002\000\040\000V\000a\000r\000i\000a\000b\000l\000e\000\040\000D\000o\000c\000u\000m\000e\000n\000t\000a\000t\000i\000o\000n}{section.3.4}% 19
\BOOKMARK [3][-]{subsubsection.3.4.2.1}{\376\377\0003\000.\0004\000.\0002\000.\0001\000\040\000a\000c\000c\000e\000p\000t\000a\000n\000c\000e\000\137\000r\000a\000t\000e}{subsection.3.4.2}% 20
\BOOKMARK [3][-]{subsubsection.3.4.2.2}{\376\377\0003\000.\0004\000.\0002\000.\0002\000\040\000a\000n\000h\000a\000r\000m\000o\000n\000i\000c\000i\000t\000y\000\137\000v\000a\000l\000u\000e\000s}{subsection.3.4.2}% 21
\BOOKMARK [3][-]{subsubsection.3.4.2.3}{\376\377\0003\000.\0004\000.\0002\000.\0003\000\040\000c\000o\000r\000r\000e\000l\000a\000t\000i\000o\000n\000\137\000f\000u\000n\000c\000t\000i\000o\000n}{subsection.3.4.2}% 22
\BOOKMARK [3][-]{subsubsection.3.4.2.4}{\376\377\0003\000.\0004\000.\0002\000.\0004\000\040\000e\000s\000t\000i\000m\000a\000t\000e\000d\000\137\000E\0000}{subsection.3.4.2}% 23
\BOOKMARK [3][-]{subsubsection.3.4.2.5}{\376\377\0003\000.\0004\000.\0002\000.\0005\000\040\000e\000s\000t\000i\000m\000a\000t\000e\000d\000\137\000g\000r\000o\000u\000n\000d\000\137\000e\000n\000e\000r\000g\000i\000e\000s}{subsection.3.4.2}% 24
\BOOKMARK [3][-]{subsubsection.3.4.2.6}{\376\377\0003\000.\0004\000.\0002\000.\0006\000\040\000e\000u\000c\000l\000i\000d\000e\000a\000n\000\137\000t\000i\000m\000e\000s}{subsection.3.4.2}% 25
\BOOKMARK [3][-]{subsubsection.3.4.2.7}{\376\377\0003\000.\0004\000.\0002\000.\0007\000\040\000f\000i\000t\000\137\000s\000l\000i\000c\000e}{subsection.3.4.2}% 26
\BOOKMARK [3][-]{subsubsection.3.4.2.8}{\376\377\0003\000.\0004\000.\0002\000.\0008\000\040\000i\000n\000t\000e\000r\000c\000e\000p\000t}{subsection.3.4.2}% 27
\BOOKMARK [3][-]{subsubsection.3.4.2.9}{\376\377\0003\000.\0004\000.\0002\000.\0009\000\040\000l\000a\000t\000t\000i\000c\000e\000\137\000s\000p\000a\000c\000i\000n\000g\000\137\000a}{subsection.3.4.2}% 28
\BOOKMARK [3][-]{subsubsection.3.4.2.10}{\376\377\0003\000.\0004\000.\0002\000.\0001\0000\000\040\000l\000w}{subsection.3.4.2}% 29
\BOOKMARK [3][-]{subsubsection.3.4.2.11}{\376\377\0003\000.\0004\000.\0002\000.\0001\0001\000\040\000n\000u\000m\000b\000e\000r\000\137\000o\000f\000\137\000s\000i\000t\000e\000s}{subsection.3.4.2}% 30
\BOOKMARK [3][-]{subsubsection.3.4.2.12}{\376\377\0003\000.\0004\000.\0002\000.\0001\0002\000\040\000p\000a\000r\000t\000i\000c\000l\000e\000\137\000m\000a\000s\000s}{subsection.3.4.2}% 31
\BOOKMARK [3][-]{subsubsection.3.4.2.13}{\376\377\0003\000.\0004\000.\0002\000.\0001\0003\000\040\000p\000r\000o\000p\000o\000s\000a\000l\000\137\000s\000t\000e\000p\000\137\000s\000i\000z\000e}{subsection.3.4.2}% 32
\BOOKMARK [3][-]{subsubsection.3.4.2.14}{\376\377\0003\000.\0004\000.\0002\000.\0001\0004\000\040\000s\000l\000o\000p\000e}{subsection.3.4.2}% 33
\BOOKMARK [3][-]{subsubsection.3.4.2.15}{\376\377\0003\000.\0004\000.\0002\000.\0001\0005\000\040\000t\000h\000e\000r\000m\000a\000l\000i\000z\000a\000t\000i\000o\000n\000\137\000s\000t\000e\000p\000s}{subsection.3.4.2}% 34
\BOOKMARK [3][-]{subsubsection.3.4.2.16}{\376\377\0003\000.\0004\000.\0002\000.\0001\0006\000\040\000t\000o\000t\000a\000l\000\137\000m\000o\000n\000t\000e\000\137\000c\000a\000r\000l\000o\000\137\000s\000t\000e\000p\000s}{subsection.3.4.2}% 35
\BOOKMARK [1][-]{section.3.5}{\376\377\0003\000.\0005\000\040\000P\000a\000t\000h\000\040\000N\000a\000m\000e\000s\000p\000a\000c\000e\000\040\000R\000e\000f\000e\000r\000e\000n\000c\000e}{chapter.3}% 36
\BOOKMARK [2][-]{subsection.3.5.1}{\376\377\0003\000.\0005\000.\0001\000\040\000D\000e\000t\000a\000i\000l\000e\000d\000\040\000D\000e\000s\000c\000r\000i\000p\000t\000i\000o\000n}{section.3.5}% 37
\BOOKMARK [1][-]{section.3.6}{\376\377\0003\000.\0006\000\040\000P\000a\000t\000h\000\040\000i\000n\000t\000e\000g\000r\000a\000l\000\040\000N\000a\000m\000e\000s\000p\000a\000c\000e\000\040\000R\000e\000f\000e\000r\000e\000n\000c\000e}{chapter.3}% 38
\BOOKMARK [2][-]{subsection.3.6.1}{\376\377\0003\000.\0006\000.\0001\000\040\000F\000u\000n\000c\000t\000i\000o\000n\000\040\000D\000o\000c\000u\000m\000e\000n\000t\000a\000t\000i\000o\000n}{section.3.6}% 39
\BOOKMARK [3][-]{subsubsection.3.6.1.1}{\376\377\0003\000.\0006\000.\0001\000.\0001\000\040\000i\000n\000t\000e\000g\000r\000a\000n\000d\000\050\000\051}{subsection.3.6.1}% 40
\BOOKMARK [3][-]{subsubsection.3.6.1.2}{\376\377\0003\000.\0006\000.\0001\000.\0002\000\040\000p\000o\000t\000e\000n\000t\000i\000a\000l\000\137\000V\000\050\000\051}{subsection.3.6.1}% 41
\BOOKMARK [3][-]{subsubsection.3.6.1.3}{\376\377\0003\000.\0006\000.\0001\000.\0003\000\040\000S\000\137\000l\000a\000t\000\050\000\051}{subsection.3.6.1}% 42
\BOOKMARK [2][-]{subsection.3.6.2}{\376\377\0003\000.\0006\000.\0002\000\040\000V\000a\000r\000i\000a\000b\000l\000e\000\040\000D\000o\000c\000u\000m\000e\000n\000t\000a\000t\000i\000o\000n}{section.3.6}% 43
\BOOKMARK [3][-]{subsubsection.3.6.2.1}{\376\377\0003\000.\0006\000.\0002\000.\0001\000\040\000b\000o\000u\000n\000d\000\137\000l\000i\000m\000i\000t}{subsection.3.6.2}% 44
\BOOKMARK [3][-]{subsubsection.3.6.2.2}{\376\377\0003\000.\0006\000.\0002\000.\0002\000\040\000b\000o\000u\000n\000d\000s}{subsection.3.6.2}% 45
\BOOKMARK [3][-]{subsubsection.3.6.2.3}{\376\377\0003\000.\0006\000.\0002\000.\0003\000\040\000e\000r\000r\000o\000r}{subsection.3.6.2}% 46
\BOOKMARK [3][-]{subsubsection.3.6.2.4}{\376\377\0003\000.\0006\000.\0002\000.\0004\000\040\000l\000a\000t\000t\000i\000c\000e\000\137\000s\000p\000a\000c\000i\000n\000g\000\137\000a}{subsection.3.6.2}% 47
\BOOKMARK [3][-]{subsubsection.3.6.2.5}{\376\377\0003\000.\0006\000.\0002\000.\0005\000\040\000N}{subsection.3.6.2}% 48
\BOOKMARK [3][-]{subsubsection.3.6.2.6}{\376\377\0003\000.\0006\000.\0002\000.\0006\000\040\000n\000o\000r\000m\000a\000l\000i\000z\000a\000t\000i\000o\000n\000\137\000A}{subsection.3.6.2}% 49
\BOOKMARK [3][-]{subsubsection.3.6.2.7}{\376\377\0003\000.\0006\000.\0002\000.\0007\000\040\000p\000a\000r\000t\000i\000c\000l\000e\000\137\000m\000a\000s\000s}{subsection.3.6.2}% 50
\BOOKMARK [3][-]{subsubsection.3.6.2.8}{\376\377\0003\000.\0006\000.\0002\000.\0008\000\040\000p\000r\000o\000p\000a\000g\000a\000t\000o\000r}{subsection.3.6.2}% 51
\BOOKMARK [3][-]{subsubsection.3.6.2.9}{\376\377\0003\000.\0006\000.\0002\000.\0009\000\040\000r\000e\000s\000u\000l\000t}{subsection.3.6.2}% 52
\BOOKMARK [3][-]{subsubsection.3.6.2.10}{\376\377\0003\000.\0006\000.\0002\000.\0001\0000\000\040\000x\000\137\000v\000a\000l\000u\000e\000s}{subsection.3.6.2}% 53
\BOOKMARK [1][-]{section.3.7}{\376\377\0003\000.\0007\000\040\000Q\000C\000D\000\137\000L\000a\000t\000t\000i\000c\000e\000\137\000S\000U\0003\000\040\000N\000a\000m\000e\000s\000p\000a\000c\000e\000\040\000R\000e\000f\000e\000r\000e\000n\000c\000e}{chapter.3}% 54
\BOOKMARK [2][-]{subsection.3.7.1}{\376\377\0003\000.\0007\000.\0001\000\040\000D\000e\000t\000a\000i\000l\000e\000d\000\040\000D\000e\000s\000c\000r\000i\000p\000t\000i\000o\000n}{section.3.7}% 55
\BOOKMARK [2][-]{subsection.3.7.2}{\376\377\0003\000.\0007\000.\0002\000\040\000F\000u\000n\000c\000t\000i\000o\000n\000\040\000D\000o\000c\000u\000m\000e\000n\000t\000a\000t\000i\000o\000n}{section.3.7}% 56
\BOOKMARK [3][-]{subsubsection.3.7.2.1}{\376\377\0003\000.\0007\000.\0002\000.\0001\000\040\000a\000v\000e\000r\000a\000g\000e\000\137\000p\000l\000a\000q\000u\000e\000t\000t\000e\000\137\000s\000u\0003\000\050\000\051}{subsection.3.7.2}% 57
\BOOKMARK [3][-]{subsubsection.3.7.2.2}{\376\377\0003\000.\0007\000.\0002\000.\0002\000\040\000b\000o\000o\000t\000s\000t\000r\000a\000p\000\137\000m\000e\000a\000n\000\137\000s\000t\000d\000\050\000\051}{subsection.3.7.2}% 58
\BOOKMARK [3][-]{subsubsection.3.7.2.3}{\376\377\0003\000.\0007\000.\0002\000.\0003\000\040\000e\000m\000b\000e\000d\000\137\000s\000u\0002\000\137\000i\000n\000t\000o\000\137\000s\000u\0003\000\050\000\051}{subsection.3.7.2}% 59
\BOOKMARK [3][-]{subsubsection.3.7.2.4}{\376\377\0003\000.\0007\000.\0002\000.\0004\000\040\000e\000x\000t\000r\000a\000c\000t\000\137\000g\000l\000u\000o\000n\000\137\000f\000i\000e\000l\000d\000\050\000\051}{subsection.3.7.2}% 60
\BOOKMARK [3][-]{subsubsection.3.7.2.5}{\376\377\0003\000.\0007\000.\0002\000.\0005\000\040\000f\000i\000e\000l\000d\000\137\000s\000t\000r\000e\000n\000g\000t\000h\000\137\000t\000e\000n\000s\000o\000r\000\050\000\051}{subsection.3.7.2}% 61
\BOOKMARK [3][-]{subsubsection.3.7.2.6}{\376\377\0003\000.\0007\000.\0002\000.\0006\000\040\000g\000e\000l\000l\000\137\000m\000a\000n\000n\000\137\000m\000a\000t\000r\000i\000c\000e\000s\000\050\000\051}{subsection.3.7.2}% 62
\BOOKMARK [3][-]{subsubsection.3.7.2.7}{\376\377\0003\000.\0007\000.\0002\000.\0007\000\040\000i\000n\000i\000t\000\137\000l\000i\000n\000k\000s\000\137\000i\000d\000e\000n\000t\000i\000t\000y\000\050\000\051}{subsection.3.7.2}% 63
\BOOKMARK [3][-]{subsubsection.3.7.2.8}{\376\377\0003\000.\0007\000.\0002\000.\0008\000\040\000m\000e\000a\000s\000u\000r\000e\000\137\000a\000v\000g\000\137\000A\0002\000\137\000a\000n\000d\000\137\000F\0002\000\050\000\051}{subsection.3.7.2}% 64
\BOOKMARK [3][-]{subsubsection.3.7.2.9}{\376\377\0003\000.\0007\000.\0002\000.\0009\000\040\000m\000e\000a\000s\000u\000r\000e\000\137\000w\000i\000l\000s\000o\000n\000\137\000l\000o\000o\000p\000\137\000R\000T\000\050\000\051}{subsection.3.7.2}% 65
\BOOKMARK [3][-]{subsubsection.3.7.2.10}{\376\377\0003\000.\0007\000.\0002\000.\0001\0000\000\040\000m\000e\000t\000r\000o\000p\000o\000l\000i\000s\000\137\000u\000p\000d\000a\000t\000e\000\050\000\051}{subsection.3.7.2}% 66
\BOOKMARK [3][-]{subsubsection.3.7.2.11}{\376\377\0003\000.\0007\000.\0002\000.\0001\0001\000\040\000p\000l\000a\000q\000u\000e\000t\000t\000e\000\137\000m\000a\000t\000r\000i\000x\000\050\000\051}{subsection.3.7.2}% 67
\BOOKMARK [3][-]{subsubsection.3.7.2.12}{\376\377\0003\000.\0007\000.\0002\000.\0001\0002\000\040\000p\000l\000a\000q\000u\000e\000t\000t\000e\000s\000\137\000t\000o\000u\000c\000h\000i\000n\000g\000\137\000l\000i\000n\000k\000\050\000\051}{subsection.3.7.2}% 68
\BOOKMARK [3][-]{subsubsection.3.7.2.13}{\376\377\0003\000.\0007\000.\0002\000.\0001\0003\000\040\000r\000a\000n\000d\000o\000m\000i\000z\000e\000\137\000l\000i\000n\000k\000s\000\137\000s\000m\000a\000l\000l\000\050\000\051}{subsection.3.7.2}% 69
\BOOKMARK [3][-]{subsubsection.3.7.2.14}{\376\377\0003\000.\0007\000.\0002\000.\0001\0004\000\040\000r\000e\000a\000l\000\137\000t\000r\000a\000c\000e\000\137\000p\000l\000a\000q\000u\000e\000t\000t\000e\000\050\000\051}{subsection.3.7.2}% 70
\BOOKMARK [3][-]{subsubsection.3.7.2.15}{\376\377\0003\000.\0007\000.\0002\000.\0001\0005\000\040\000r\000u\000n\000\137\000s\000u\0003\000\137\000s\000i\000m\000u\000l\000a\000t\000i\000o\000n\000\050\000\051}{subsection.3.7.2}% 71
\BOOKMARK [3][-]{subsubsection.3.7.2.16}{\376\377\0003\000.\0007\000.\0002\000.\0001\0006\000\040\000s\000u\0002\000\137\000r\000a\000n\000d\000o\000m\000\137\000u\000n\000i\000t\000a\000r\000y\000\050\000\051}{subsection.3.7.2}% 72
\BOOKMARK [3][-]{subsubsection.3.7.2.17}{\376\377\0003\000.\0007\000.\0002\000.\0001\0007\000\040\000s\000u\0003\000\137\000m\000a\000t\000r\000i\000c\000e\000s\000\050\000\051}{subsection.3.7.2}% 73
\BOOKMARK [3][-]{subsubsection.3.7.2.18}{\376\377\0003\000.\0007\000.\0002\000.\0001\0008\000\040\000s\000u\0003\000\137\000s\000i\000m\000u\000l\000a\000t\000i\000o\000n\000\137\000w\000i\000t\000h\000\137\000w\000i\000l\000s\000o\000n\000\137\000l\000o\000o\000p\000s\000\050\000\051}{subsection.3.7.2}% 74
\BOOKMARK [3][-]{subsubsection.3.7.2.19}{\376\377\0003\000.\0007\000.\0002\000.\0001\0009\000\040\000t\000u\000n\000e\000\137\000e\000p\000s\000\137\000s\000u\0003\000\050\000\051}{subsection.3.7.2}% 75
\BOOKMARK [3][-]{subsubsection.3.7.2.20}{\376\377\0003\000.\0007\000.\0002\000.\0002\0000\000\040\000x\000\137\000n\000e\000i\000g\000h\000b\000o\000r\000\050\000\051}{subsection.3.7.2}% 76
\BOOKMARK [2][-]{subsection.3.7.3}{\376\377\0003\000.\0007\000.\0003\000\040\000V\000a\000r\000i\000a\000b\000l\000e\000\040\000D\000o\000c\000u\000m\000e\000n\000t\000a\000t\000i\000o\000n}{section.3.7}% 77
\BOOKMARK [3][-]{subsubsection.3.7.3.1}{\376\377\0003\000.\0007\000.\0003\000.\0001\000\040\000A\0002\000\137\000a\000v\000g}{subsection.3.7.3}% 78
\BOOKMARK [3][-]{subsubsection.3.7.3.2}{\376\377\0003\000.\0007\000.\0003\000.\0002\000\040\000a\000l\000p\000h\000a}{subsection.3.7.3}% 79
\BOOKMARK [3][-]{subsubsection.3.7.3.3}{\376\377\0003\000.\0007\000.\0003\000.\0003\000\040\000a\000m\000p\000l\000i\000t\000u\000d\000e}{subsection.3.7.3}% 80
\BOOKMARK [3][-]{subsubsection.3.7.3.4}{\376\377\0003\000.\0007\000.\0003\000.\0004\000\040\000a\000v\000g\000\137\000w\000i\000l\000s\000o\000n\000\137\000l\000o\000o\000p\000s}{subsection.3.7.3}% 81
\BOOKMARK [3][-]{subsubsection.3.7.3.5}{\376\377\0003\000.\0007\000.\0003\000.\0005\000\040\000b\000e\000t\000a}{subsection.3.7.3}% 82
\BOOKMARK [3][-]{subsubsection.3.7.3.6}{\376\377\0003\000.\0007\000.\0003\000.\0006\000\040\000b\000i\000n\000s}{subsection.3.7.3}% 83
\BOOKMARK [3][-]{subsubsection.3.7.3.7}{\376\377\0003\000.\0007\000.\0003\000.\0007\000\040\000b\000u\000r\000n\000\137\000i\000n\000\137\000s\000w\000e\000e\000p\000s}{subsection.3.7.3}% 84
\BOOKMARK [3][-]{subsubsection.3.7.3.8}{\376\377\0003\000.\0007\000.\0003\000.\0008\000\040\000D}{subsection.3.7.3}% 85
\BOOKMARK [3][-]{subsubsection.3.7.3.9}{\376\377\0003\000.\0007\000.\0003\000.\0009\000\040\000e\000p\000s\000\137\000i\000n\000i\000t\000i\000a\000l}{subsection.3.7.3}% 86
\BOOKMARK [3][-]{subsubsection.3.7.3.10}{\376\377\0003\000.\0007\000.\0003\000.\0001\0000\000\040\000e\000p\000s\000\137\000s\000u\000b}{subsection.3.7.3}% 87
\BOOKMARK [3][-]{subsubsection.3.7.3.11}{\376\377\0003\000.\0007\000.\0003\000.\0001\0001\000\040\000e\000p\000s\000\137\000t\000u\000n\000e\000d}{subsection.3.7.3}% 88
\BOOKMARK [3][-]{subsubsection.3.7.3.12}{\376\377\0003\000.\0007\000.\0003\000.\0001\0002\000\040\000F\0002\000\137\000a\000v\000g}{subsection.3.7.3}% 89
\BOOKMARK [3][-]{subsubsection.3.7.3.13}{\376\377\0003\000.\0007\000.\0003\000.\0001\0003\000\040\000f\000i\000g\000s\000i\000z\000e}{subsection.3.7.3}% 90
\BOOKMARK [3][-]{subsubsection.3.7.3.14}{\376\377\0003\000.\0007\000.\0003\000.\0001\0004\000\040\000l\000a\000t\000t\000i\000c\000e\000\137\000s\000i\000z\000e\000\137\000L}{subsection.3.7.3}% 91
\BOOKMARK [3][-]{subsubsection.3.7.3.15}{\376\377\0003\000.\0007\000.\0003\000.\0001\0005\000\040\000l\000i\000n\000e\000s\000t\000y\000l\000e}{subsection.3.7.3}% 92
\BOOKMARK [3][-]{subsubsection.3.7.3.16}{\376\377\0003\000.\0007\000.\0003\000.\0001\0006\000\040\000l\000i\000n\000k\000\137\000m\000a\000t\000r\000i\000x}{subsection.3.7.3}% 93
\BOOKMARK [3][-]{subsubsection.3.7.3.17}{\376\377\0003\000.\0007\000.\0003\000.\0001\0007\000\040\000m\000a\000r\000k\000e\000r}{subsection.3.7.3}% 94
\BOOKMARK [3][-]{subsubsection.3.7.3.18}{\376\377\0003\000.\0007\000.\0003\000.\0001\0008\000\040\000m\000a\000x\000\137\000R}{subsection.3.7.3}% 95
\BOOKMARK [3][-]{subsubsection.3.7.3.19}{\376\377\0003\000.\0007\000.\0003\000.\0001\0009\000\040\000m\000a\000x\000\137\000T}{subsection.3.7.3}% 96
\BOOKMARK [3][-]{subsubsection.3.7.3.20}{\376\377\0003\000.\0007\000.\0003\000.\0002\0000\000\040\000M\000C\000\137\000m\000e\000a\000s\000u\000r\000e\000\137\000i\000n\000t\000e\000r\000v\000a\000l}{subsection.3.7.3}% 97
\BOOKMARK [3][-]{subsubsection.3.7.3.21}{\376\377\0003\000.\0007\000.\0003\000.\0002\0001\000\040\000M\000C\000\137\000s\000w\000e\000e\000p\000s}{subsection.3.7.3}% 98
\BOOKMARK [3][-]{subsubsection.3.7.3.22}{\376\377\0003\000.\0007\000.\0003\000.\0002\0002\000\040\000n\000\137\000b\000o\000o\000t}{subsection.3.7.3}% 99
\BOOKMARK [3][-]{subsubsection.3.7.3.23}{\376\377\0003\000.\0007\000.\0003\000.\0002\0003\000\040\000N\000\137\000c\000o\000r\000r\000e\000l\000a\000t\000o\000r}{subsection.3.7.3}% 100
\BOOKMARK [3][-]{subsubsection.3.7.3.24}{\376\377\0003\000.\0007\000.\0003\000.\0002\0004\000\040\000p\000l\000a\000q\000\137\000e\000r\000r}{subsection.3.7.3}% 101
\BOOKMARK [3][-]{subsubsection.3.7.3.25}{\376\377\0003\000.\0007\000.\0003\000.\0002\0005\000\040\000p\000l\000a\000q\000\137\000m\000e\000a\000n}{subsection.3.7.3}% 102
\BOOKMARK [3][-]{subsubsection.3.7.3.26}{\376\377\0003\000.\0007\000.\0003\000.\0002\0006\000\040\000p\000o\000t\000e\000n\000t\000i\000a\000l\000s}{subsection.3.7.3}% 103
\BOOKMARK [3][-]{subsubsection.3.7.3.27}{\376\377\0003\000.\0007\000.\0003\000.\0002\0007\000\040\000R\000\137\000v\000a\000l\000u\000e\000s}{subsection.3.7.3}% 104
\BOOKMARK [3][-]{subsubsection.3.7.3.28}{\376\377\0003\000.\0007\000.\0003\000.\0002\0008\000\040\000s\000a\000m\000p\000l\000e\000s}{subsection.3.7.3}% 105
\BOOKMARK [3][-]{subsubsection.3.7.3.29}{\376\377\0003\000.\0007\000.\0003\000.\0002\0009\000\040\000s\000p\000a\000t\000i\000a\000l\000\137\000d\000i\000m\000s}{subsection.3.7.3}% 106
\BOOKMARK [3][-]{subsubsection.3.7.3.30}{\376\377\0003\000.\0007\000.\0003\000.\0003\0000\000\040\000T\000\137\000v\000a\000l\000u\000e\000s}{subsection.3.7.3}% 107
\BOOKMARK [3][-]{subsubsection.3.7.3.31}{\376\377\0003\000.\0007\000.\0003\000.\0003\0001\000\040\000V\000\137\000R}{subsection.3.7.3}% 108
\BOOKMARK [3][-]{subsubsection.3.7.3.32}{\376\377\0003\000.\0007\000.\0003\000.\0003\0002\000\040\000W\000\137\000T}{subsection.3.7.3}% 109
\BOOKMARK [3][-]{subsubsection.3.7.3.33}{\376\377\0003\000.\0007\000.\0003\000.\0003\0003\000\040\000W\000\137\000T\000p\0001}{subsection.3.7.3}% 110
\BOOKMARK [3][-]{subsubsection.3.7.3.34}{\376\377\0003\000.\0007\000.\0003\000.\0003\0004\000\040\000w\000i\000l\000s\000o\000n\000\137\000l\000o\000o\000p\000s\000\137\000s\000a\000m\000p\000l\000e\000s}{subsection.3.7.3}% 111
\BOOKMARK [3][-]{subsubsection.3.7.3.35}{\376\377\0003\000.\0007\000.\0003\000.\0003\0005\000\040\000x\000\137\000s\000h\000a\000p\000e}{subsection.3.7.3}% 112
\BOOKMARK [0][-]{chapter.4}{\376\377\0004\000\040\000F\000i\000l\000e\000\040\000D\000o\000c\000u\000m\000e\000n\000t\000a\000t\000i\000o\000n}{}% 113
\BOOKMARK [1][-]{section.4.1}{\376\377\0004\000.\0001\000\040\000L\000a\000t\000t\000i\000c\000e\000\040\000F\000i\000e\000l\000d\000\040\000T\000h\000e\000o\000r\000y\000.\000p\000y\000\040\000F\000i\000l\000e\000\040\000R\000e\000f\000e\000r\000e\000n\000c\000e}{chapter.4}% 114
\BOOKMARK [1][-]{section.4.2}{\376\377\0004\000.\0002\000\040\000L\000a\000t\000t\000i\000c\000e\000\040\000F\000i\000e\000l\000d\000\040\000T\000h\000e\000o\000r\000y\000.\000p\000y}{chapter.4}% 115
\BOOKMARK [1][-]{section.4.3}{\376\377\0004\000.\0003\000\040\000M\000o\000n\000t\000e\000\040\000C\000a\000r\000l\000o\000\040\000i\000n\000t\000e\000g\000r\000a\000l\000.\000p\000y\000\040\000F\000i\000l\000e\000\040\000R\000e\000f\000e\000r\000e\000n\000c\000e}{chapter.4}% 116
\BOOKMARK [1][-]{section.4.4}{\376\377\0004\000.\0004\000\040\000M\000o\000n\000t\000e\000\040\000C\000a\000r\000l\000o\000\040\000i\000n\000t\000e\000g\000r\000a\000l\000.\000p\000y}{chapter.4}% 117
\BOOKMARK [1][-]{section.4.5}{\376\377\0004\000.\0005\000\040\000P\000a\000t\000h\000\040\000i\000n\000t\000e\000g\000r\000a\000l\000.\000p\000y\000\040\000F\000i\000l\000e\000\040\000R\000e\000f\000e\000r\000e\000n\000c\000e}{chapter.4}% 118
\BOOKMARK [1][-]{section.4.6}{\376\377\0004\000.\0006\000\040\000P\000a\000t\000h\000\040\000i\000n\000t\000e\000g\000r\000a\000l\000.\000p\000y}{chapter.4}% 119
\BOOKMARK [1][-]{section.4.7}{\376\377\0004\000.\0007\000\040\000Q\000C\000D\000\137\000L\000a\000t\000t\000i\000c\000e\000\137\000S\000U\0003\000.\000p\000y\000\040\000F\000i\000l\000e\000\040\000R\000e\000f\000e\000r\000e\000n\000c\000e}{chapter.4}% 120
\BOOKMARK [1][-]{section.4.8}{\376\377\0004\000.\0008\000\040\000Q\000C\000D\000\137\000L\000a\000t\000t\000i\000c\000e\000\137\000S\000U\0003\000.\000p\000y}{chapter.4}% 121
